<?xml version="1.0" encoding="UTF-8"?>
<!-- Generated by org.testng.reporters.JUnitReportReporter -->
<testsuite name="dd_testcases.UITesting" tests="2" time="0.043" ignored="0" failures="0" timestamp="14 Apr 2017 05:36:22 GMT" skipped="2" hostname="Sachin-PC" errors="0">
  <testcase name="doLogin" time="0.000" classname="dd_testcases.UITesting">
    <skipped/>
  </testcase> <!-- doLogin -->
  <testcase name="Chatt" time="0.043" classname="dd_testcases.UITesting">
    <skipped/>
  </testcase> <!-- Chatt -->
</testsuite> <!-- dd_testcases.UITesting -->
